<?xml version="1.0" encoding="UTF-8"?>
<!-- Generated by org.testng.reporters.JUnitXMLReporter -->
<testsuite hostname="HW2247" ignored="4" name="Default test 2" tests="2" failures="0" timestamp="27 Apr 2018 07:00:20 GMT" time="330.919" errors="0">
  <testcase name="CreateJournal" time="134.916" classname="com.web.automation.scripts.CreateJournal"/>
  <testcase name="CreateCustomer" time="105.926" classname="com.web.automation.scripts.CreateCustomer"/>
  <testcase name="@AfterSuite afterSuite" time="0.0" classname="com.web.automation.accelerators.TestEngineWeb">
    <ignored/>
  </testcase> <!-- @AfterSuite afterSuite -->
  <testcase name="@BeforeSuite beforeSuite" time="0.0" classname="com.web.automation.accelerators.TestEngineWeb">
    <ignored/>
  </testcase> <!-- @BeforeSuite beforeSuite -->
  <testcase name="@AfterTest afterTest" time="0.0" classname="com.web.automation.accelerators.TestEngineWeb">
    <ignored/>
  </testcase> <!-- @AfterTest afterTest -->
  <testcase name="@BeforeTest beforeTest" time="0.0" classname="com.web.automation.accelerators.TestEngineWeb">
    <ignored/>
  </testcase> <!-- @BeforeTest beforeTest -->
</testsuite> <!-- Default test 2 -->
