<?xml version="1.0" encoding="UTF-8"?>
<!-- Generated by org.testng.reporters.JUnitXMLReporter -->
<testsuite hostname="HW2247" ignored="4" name="Default test 2" tests="2" failures="0" timestamp="30 Apr 2018 04:32:39 GMT" time="351.754" errors="0">
  <testcase name="CreateJournal" time="140.679" classname="com.web.automation.scripts.CreateJournal"/>
  <testcase name="CreateCustomer" time="122.33" classname="com.web.automation.scripts.CreateCustomer"/>
  <testcase name="@AfterSuite afterSuite" time="0.0" classname="com.web.automation.accelerators.TestEngineWeb">
    <ignored/>
  </testcase> <!-- @AfterSuite afterSuite -->
  <testcase name="@BeforeSuite beforeSuite" time="0.0" classname="com.web.automation.accelerators.TestEngineWeb">
    <ignored/>
  </testcase> <!-- @BeforeSuite beforeSuite -->
  <testcase name="@AfterTest afterTest" time="0.0" classname="com.web.automation.accelerators.TestEngineWeb">
    <ignored/>
  </testcase> <!-- @AfterTest afterTest -->
  <testcase name="@BeforeTest beforeTest" time="0.0" classname="com.web.automation.accelerators.TestEngineWeb">
    <ignored/>
  </testcase> <!-- @BeforeTest beforeTest -->
</testsuite> <!-- Default test 2 -->
